# JRE version: OpenJDK Runtime Environment (8.0_272-b10) (build 1.8.0_272-b10)
# Java VM: OpenJDK 64-Bit Server VM (25.272-b10 mixed mode linux-amd64 compressed oops)
Heap:
 PSYoungGen      total 6656K, used 6144K [0x000000076ab00000, 0x000000076bc00000, 0x00000007c0000000)
  eden space 6144K, 100% used [0x000000076ab00000,0x000000076b100000,0x000000076b100000)
  from space 512K, 0% used [0x000000076b100000,0x000000076b100000,0x000000076b180000)
  to   space 2560K, 0% used [0x000000076b980000,0x000000076b980000,0x000000076bc00000)
 ParOldGen       total 8192K, used 3617K [0x00000006c0000000, 0x00000006c0800000, 0x000000076ab00000)
  object space 8192K, 44% used [0x00000006c0000000,0x00000006c0388730,0x00000006c0800000)
 Metaspace       used 8325K, capacity 8692K, committed 8960K, reserved 1056768K
  class space    used 927K, capacity 944K, committed 1024K, reserved 1048576K
GC Heap History (12 events):
Event: 0.073 GC heap before
{Heap before GC invocations=1 (full 0):
 PSYoungGen      total 2048K, used 1536K [0x000000076ab00000, 0x000000076ad80000, 0x00000007c0000000)
  eden space 1536K, 100% used [0x000000076ab00000,0x000000076ac80000,0x000000076ac80000)
  from space 512K, 0% used [0x000000076ad00000,0x000000076ad00000,0x000000076ad80000)
  to   space 512K, 0% used [0x000000076ac80000,0x000000076ac80000,0x000000076ad00000)
 ParOldGen       total 5632K, used 0K [0x00000006c0000000, 0x00000006c0580000, 0x000000076ab00000)
  object space 5632K, 0% used [0x00000006c0000000,0x00000006c0000000,0x00000006c0580000)
 Metaspace       used 3662K, capacity 4876K, committed 5120K, reserved 1056768K
  class space    used 371K, capacity 456K, committed 512K, reserved 1048576K
Event: 0.074 GC heap after
Heap after GC invocations=1 (full 0):
 PSYoungGen      total 2048K, used 512K [0x000000076ab00000, 0x000000076af00000, 0x00000007c0000000)
  eden space 1536K, 0% used [0x000000076ab00000,0x000000076ab00000,0x000000076ac80000)
  from space 512K, 100% used [0x000000076ac80000,0x000000076ad00000,0x000000076ad00000)
  to   space 512K, 0% used [0x000000076ae80000,0x000000076ae80000,0x000000076af00000)
 ParOldGen       total 5632K, used 224K [0x00000006c0000000, 0x00000006c0580000, 0x000000076ab00000)
  object space 5632K, 3% used [0x00000006c0000000,0x00000006c0038000,0x00000006c0580000)
 Metaspace       used 3662K, capacity 4876K, committed 5120K, reserved 1056768K
  class space    used 371K, capacity 456K, committed 512K, reserved 1048576K
}
Event: 0.094 GC heap before
{Heap before GC invocations=2 (full 0):
 PSYoungGen      total 2048K, used 2048K [0x000000076ab00000, 0x000000076af00000, 0x00000007c0000000)
  eden space 1536K, 100% used [0x000000076ab00000,0x000000076ac80000,0x000000076ac80000)
  from space 512K, 100% used [0x000000076ac80000,0x000000076ad00000,0x000000076ad00000)
  to   space 512K, 0% used [0x000000076ae80000,0x000000076ae80000,0x000000076af00000)
 ParOldGen       total 5632K, used 224K [0x00000006c0000000, 0x00000006c0580000, 0x000000076ab00000)
  object space 5632K, 3% used [0x00000006c0000000,0x00000006c0038000,0x00000006c0580000)
 Metaspace       used 4360K, capacity 5324K, committed 5504K, reserved 1056768K
  class space    used 460K, capacity 520K, committed 640K, reserved 1048576K
Event: 0.096 GC heap after
Heap after GC invocations=2 (full 0):
 PSYoungGen      total 3584K, used 512K [0x000000076ab00000, 0x000000076af00000, 0x00000007c0000000)
  eden space 3072K, 0% used [0x000000076ab00000,0x000000076ab00000,0x000000076ae00000)
  from space 512K, 100% used [0x000000076ae80000,0x000000076af00000,0x000000076af00000)
  to   space 512K, 0% used [0x000000076ae00000,0x000000076ae00000,0x000000076ae80000)
 ParOldGen       total 5632K, used 488K [0x00000006c0000000, 0x00000006c0580000, 0x000000076ab00000)
  object space 5632K, 8% used [0x00000006c0000000,0x00000006c007a040,0x00000006c0580000)
 Metaspace       used 4360K, capacity 5324K, committed 5504K, reserved 1056768K
  class space    used 460K, capacity 520K, committed 640K, reserved 1048576K
}
Event: 0.128 GC heap before
{Heap before GC invocations=3 (full 0):
 PSYoungGen      total 3584K, used 3584K [0x000000076ab00000, 0x000000076af00000, 0x00000007c0000000)
  eden space 3072K, 100% used [0x000000076ab00000,0x000000076ae00000,0x000000076ae00000)
  from space 512K, 100% used [0x000000076ae80000,0x000000076af00000,0x000000076af00000)
  to   space 512K, 0% used [0x000000076ae00000,0x000000076ae00000,0x000000076ae80000)
 ParOldGen       total 5632K, used 488K [0x00000006c0000000, 0x00000006c0580000, 0x000000076ab00000)
  object space 5632K, 8% used [0x00000006c0000000,0x00000006c007a040,0x00000006c0580000)
 Metaspace       used 5367K, capacity 6252K, committed 6528K, reserved 1056768K
  class space    used 577K, capacity 616K, committed 640K, reserved 1048576K
Event: 0.129 GC heap after
Heap after GC invocations=3 (full 0):
 PSYoungGen      total 3584K, used 480K [0x000000076ab00000, 0x000000076b200000, 0x00000007c0000000)
  eden space 3072K, 0% used [0x000000076ab00000,0x000000076ab00000,0x000000076ae00000)
  from space 512K, 93% used [0x000000076ae00000,0x000000076ae78010,0x000000076ae80000)
  to   space 512K, 0% used [0x000000076b180000,0x000000076b180000,0x000000076b200000)
 ParOldGen       total 5632K, used 988K [0x00000006c0000000, 0x00000006c0580000, 0x000000076ab00000)
  object space 5632K, 17% used [0x00000006c0000000,0x00000006c00f7360,0x00000006c0580000)
 Metaspace       used 5367K, capacity 6252K, committed 6528K, reserved 1056768K
  class space    used 577K, capacity 616K, committed 640K, reserved 1048576K
}
Event: 0.155 GC heap before
{Heap before GC invocations=4 (full 0):
 PSYoungGen      total 3584K, used 3552K [0x000000076ab00000, 0x000000076b200000, 0x00000007c0000000)
  eden space 3072K, 100% used [0x000000076ab00000,0x000000076ae00000,0x000000076ae00000)
  from space 512K, 93% used [0x000000076ae00000,0x000000076ae78010,0x000000076ae80000)
  to   space 512K, 0% used [0x000000076b180000,0x000000076b180000,0x000000076b200000)
 ParOldGen       total 5632K, used 988K [0x00000006c0000000, 0x00000006c0580000, 0x000000076ab00000)
  object space 5632K, 17% used [0x00000006c0000000,0x00000006c00f7360,0x00000006c0580000)
 Metaspace       used 6296K, capacity 7148K, committed 7424K, reserved 1056768K
  class space    used 705K, capacity 744K, committed 768K, reserved 1048576K
Event: 0.156 GC heap after
Heap after GC invocations=4 (full 0):
 PSYoungGen      total 6656K, used 512K [0x000000076ab00000, 0x000000076b200000, 0x00000007c0000000)
  eden space 6144K, 0% used [0x000000076ab00000,0x000000076ab00000,0x000000076b100000)
  from space 512K, 100% used [0x000000076b180000,0x000000076b200000,0x000000076b200000)
  to   space 512K, 0% used [0x000000076b100000,0x000000076b100000,0x000000076b180000)
 ParOldGen       total 5632K, used 1276K [0x00000006c0000000, 0x00000006c0580000, 0x000000076ab00000)
  object space 5632K, 22% used [0x00000006c0000000,0x00000006c013f370,0x00000006c0580000)
 Metaspace       used 6296K, capacity 7148K, committed 7424K, reserved 1056768K
  class space    used 705K, capacity 744K, committed 768K, reserved 1048576K
}
Event: 0.211 GC heap before
{Heap before GC invocations=5 (full 0):
 PSYoungGen      total 6656K, used 6656K [0x000000076ab00000, 0x000000076b200000, 0x00000007c0000000)
  eden space 6144K, 100% used [0x000000076ab00000,0x000000076b100000,0x000000076b100000)
  from space 512K, 100% used [0x000000076b180000,0x000000076b200000,0x000000076b200000)
  to   space 512K, 0% used [0x000000076b100000,0x000000076b100000,0x000000076b180000)
 ParOldGen       total 5632K, used 1276K [0x00000006c0000000, 0x00000006c0580000, 0x000000076ab00000)
  object space 5632K, 22% used [0x00000006c0000000,0x00000006c013f370,0x00000006c0580000)
 Metaspace       used 7886K, capacity 8404K, committed 8704K, reserved 1056768K
  class space    used 877K, capacity 912K, committed 1024K, reserved 1048576K
Event: 0.212 GC heap after
Heap after GC invocations=5 (full 0):
 PSYoungGen      total 6656K, used 512K [0x000000076ab00000, 0x000000076bc00000, 0x00000007c0000000)
  eden space 6144K, 0% used [0x000000076ab00000,0x000000076ab00000,0x000000076b100000)
  from space 512K, 100% used [0x000000076b100000,0x000000076b180000,0x000000076b180000)
  to   space 2560K, 0% used [0x000000076b980000,0x000000076b980000,0x000000076bc00000)
 ParOldGen       total 5632K, used 3750K [0x00000006c0000000, 0x00000006c0580000, 0x000000076ab00000)
  object space 5632K, 66% used [0x00000006c0000000,0x00000006c03a9818,0x00000006c0580000)
 Metaspace       used 7886K, capacity 8404K, committed 8704K, reserved 1056768K
  class space    used 877K, capacity 912K, committed 1024K, reserved 1048576K
}
Event: 0.212 GC heap before
{Heap before GC invocations=6 (full 1):
 PSYoungGen      total 6656K, used 512K [0x000000076ab00000, 0x000000076bc00000, 0x00000007c0000000)
  eden space 6144K, 0% used [0x000000076ab00000,0x000000076ab00000,0x000000076b100000)
  from space 512K, 100% used [0x000000076b100000,0x000000076b180000,0x000000076b180000)
  to   space 2560K, 0% used [0x000000076b980000,0x000000076b980000,0x000000076bc00000)
 ParOldGen       total 5632K, used 3750K [0x00000006c0000000, 0x00000006c0580000, 0x000000076ab00000)
  object space 5632K, 66% used [0x00000006c0000000,0x00000006c03a9818,0x00000006c0580000)
 Metaspace       used 7886K, capacity 8404K, committed 8704K, reserved 1056768K
  class space    used 877K, capacity 912K, committed 1024K, reserved 1048576K
Event: 0.224 GC heap after
Heap after GC invocations=6 (full 1):
 PSYoungGen      total 6656K, used 0K [0x000000076ab00000, 0x000000076bc00000, 0x00000007c0000000)
  eden space 6144K, 0% used [0x000000076ab00000,0x000000076ab00000,0x000000076b100000)
  from space 512K, 0% used [0x000000076b100000,0x000000076b100000,0x000000076b180000)
  to   space 2560K, 0% used [0x000000076b980000,0x000000076b980000,0x000000076bc00000)
 ParOldGen       total 8192K, used 3617K [0x00000006c0000000, 0x00000006c0800000, 0x000000076ab00000)
  object space 8192K, 44% used [0x00000006c0000000,0x00000006c0388730,0x00000006c0800000)
 Metaspace       used 7886K, capacity 8404K, committed 8704K, reserved 1056768K
  class space    used 877K, capacity 912K, committed 1024K, reserved 1048576K
}

